<?xml version="1.0" encoding="UTF-8"?>
<!-- Generated by org.testng.reporters.JUnitReportReporter -->
<testsuite skipped="0" hostname="SELENIUM" name="com.durgasoft.ecommerce.homepage.TC001_CustomerRegistration" tests="1" failures="0" timestamp="22 Apr 2019 07:15:55 GMT" time="25.555" errors="0">
  <testcase name="customerRegistration" time="25.555" classname="com.durgasoft.ecommerce.homepage.TC001_CustomerRegistration"/>
</testsuite> <!-- com.durgasoft.ecommerce.homepage.TC001_CustomerRegistration -->
