<?xml version="1.0" encoding="UTF-8"?>
<!-- Generated by org.testng.reporters.JUnitReportReporter -->
<testsuite skipped="0" hostname="SELENIUM" name="com.durgasoft.excel.WriteExcelDataByColumnName" tests="1" failures="0" timestamp="02 Apr 2019 06:18:25 GMT" time="1.302" errors="0">
  <testcase name="f" time="1.302" classname="com.durgasoft.excel.WriteExcelDataByColumnName"/>
</testsuite> <!-- com.durgasoft.excel.WriteExcelDataByColumnName -->
