<?xml version="1.0" encoding="UTF-8"?>
<!-- Generated by org.testng.reporters.JUnitReportReporter -->
<testsuite skipped="0" hostname="SELENIUM" name="com.durgasoft.testNG.FaceBook_DD" tests="1" failures="0" timestamp="21 Mar 2019 06:27:14 GMT" time="17.070" errors="0">
  <testcase name="f" time="17.070" classname="com.durgasoft.testNG.FaceBook_DD"/>
</testsuite> <!-- com.durgasoft.testNG.FaceBook_DD -->
