<?xml version="1.0" encoding="UTF-8"?>
<!-- Generated by org.testng.reporters.JUnitReportReporter -->
<testsuite skipped="3" hostname="SELENIUM" name="com.durgasoft.testNG.MouseNKeyboardOperations" tests="4" failures="0" timestamp="30 Mar 2019 06:27:35 GMT" time="1.092" errors="0">
  <testcase name="slider" time="1.092" classname="com.durgasoft.testNG.MouseNKeyboardOperations"/>
  <testcase name="rightClickOnElement" classname="com.durgasoft.testNG.MouseNKeyboardOperations">
    <skipped/>
  </testcase> <!-- rightClickOnElement -->
  <testcase name="resizableObject" classname="com.durgasoft.testNG.MouseNKeyboardOperations">
    <skipped/>
  </testcase> <!-- resizableObject -->
  <testcase name="dragNdrop" classname="com.durgasoft.testNG.MouseNKeyboardOperations">
    <skipped/>
  </testcase> <!-- dragNdrop -->
</testsuite> <!-- com.durgasoft.testNG.MouseNKeyboardOperations -->
