<?xml version="1.0" encoding="UTF-8"?>
<!-- Generated by org.testng.reporters.JUnitReportReporter -->
<testsuite skipped="0" hostname="SELENIUM" name="com.durgasoft.testNG.ClickLInk_PortionPlace_Bing" tests="1" failures="0" timestamp="21 Mar 2019 06:05:32 GMT" time="1.646" errors="0">
  <testcase name="f" time="1.646" classname="com.durgasoft.testNG.ClickLInk_PortionPlace_Bing"/>
</testsuite> <!-- com.durgasoft.testNG.ClickLInk_PortionPlace_Bing -->
