<?xml version="1.0" encoding="UTF-8"?>
<!-- Generated by org.testng.reporters.JUnitReportReporter -->
<testsuite skipped="0" hostname="SELENIUM" name="com.durgasoft.excel.ReadAllDataFromExcelFile" tests="1" failures="0" timestamp="01 Apr 2019 06:46:29 GMT" time="1.579" errors="0">
  <testcase name="f" time="1.579" classname="com.durgasoft.excel.ReadAllDataFromExcelFile"/>
</testsuite> <!-- com.durgasoft.excel.ReadAllDataFromExcelFile -->
