<?xml version="1.0" encoding="UTF-8"?>
<!-- Generated by org.testng.reporters.JUnitReportReporter -->
<testsuite skipped="0" hostname="SELENIUM" name="com.durgasoft.testNG.TC001HMS" tests="1" failures="0" timestamp="20 Mar 2019 06:40:00 GMT" time="5.795" errors="0">
  <testcase name="login_logout_HMS" time="5.795" classname="com.durgasoft.testNG.TC001HMS"/>
</testsuite> <!-- com.durgasoft.testNG.TC001HMS -->
