<?xml version="1.0" encoding="UTF-8"?>
<!-- Generated by org.testng.reporters.JUnitReportReporter -->
<testsuite skipped="0" hostname="SELENIUM" name="com.durgasoft.testNG.BBC_MoreDD" tests="1" failures="0" timestamp="25 Mar 2019 06:06:12 GMT" time="7.450" errors="0">
  <testcase name="f" time="7.450" classname="com.durgasoft.testNG.BBC_MoreDD"/>
</testsuite> <!-- com.durgasoft.testNG.BBC_MoreDD -->
