<?xml version="1.0" encoding="UTF-8"?>
<!-- Generated by org.testng.reporters.JUnitReportReporter -->
<testsuite skipped="0" hostname="SELENIUM" name="com.durgasoft.testNG.DynamicWebCalender" tests="1" failures="0" timestamp="04 Apr 2019 06:38:31 GMT" time="48.798" errors="0">
  <testcase name="f" time="48.798" classname="com.durgasoft.testNG.DynamicWebCalender"/>
</testsuite> <!-- com.durgasoft.testNG.DynamicWebCalender -->
