<?xml version="1.0" encoding="UTF-8"?>
<!-- Generated by org.testng.reporters.JUnitReportReporter -->
<testsuite skipped="0" hostname="SELENIUM" name="com.durgasoft.testNG.HMS_Login_Logout_API" tests="1" failures="0" timestamp="03 Apr 2019 06:40:51 GMT" time="21.588" errors="0">
  <testcase name="f" time="21.588" classname="com.durgasoft.testNG.HMS_Login_Logout_API"/>
</testsuite> <!-- com.durgasoft.testNG.HMS_Login_Logout_API -->
