<?xml version="1.0" encoding="UTF-8"?>
<!-- Generated by org.testng.reporters.JUnitReportReporter -->
<testsuite skipped="0" hostname="SELENIUM" name="com.durgasoft.testNG.RedBus_Alert" tests="1" failures="0" timestamp="26 Mar 2019 06:28:04 GMT" time="37.505" errors="0">
  <testcase name="f" time="37.505" classname="com.durgasoft.testNG.RedBus_Alert"/>
</testsuite> <!-- com.durgasoft.testNG.RedBus_Alert -->
