<?xml version="1.0" encoding="UTF-8"?>
<!-- Generated by org.testng.reporters.JUnitReportReporter -->
<testsuite skipped="0" hostname="SELENIUM" name="com.durgasoft.excel.WriteDataFontStyle" tests="1" failures="0" timestamp="02 Apr 2019 06:07:59 GMT" time="1.344" errors="0">
  <testcase name="f" time="1.344" classname="com.durgasoft.excel.WriteDataFontStyle"/>
</testsuite> <!-- com.durgasoft.excel.WriteDataFontStyle -->
