<?xml version="1.0" encoding="UTF-8"?>
<!-- Generated by org.testng.reporters.JUnitReportReporter -->
<testsuite skipped="4" hostname="SELENIUM" name="com.durgasoft.testNG.NOrmalScreenshot" tests="5" failures="0" timestamp="28 Mar 2019 06:56:11 GMT" time="15.074" errors="0">
  <testcase name="passedScreenshot" time="15.074" classname="com.durgasoft.testNG.NOrmalScreenshot"/>
  <testcase name="conditionBasedScreenshot" classname="com.durgasoft.testNG.NOrmalScreenshot">
    <skipped/>
  </testcase> <!-- conditionBasedScreenshot -->
  <testcase name="normalScreenshot" classname="com.durgasoft.testNG.NOrmalScreenshot">
    <skipped/>
  </testcase> <!-- normalScreenshot -->
  <testcase name="dateNTimeScreenshot" classname="com.durgasoft.testNG.NOrmalScreenshot">
    <skipped/>
  </testcase> <!-- dateNTimeScreenshot -->
  <testcase name="functionalBasedScreenshot" classname="com.durgasoft.testNG.NOrmalScreenshot">
    <skipped/>
  </testcase> <!-- functionalBasedScreenshot -->
</testsuite> <!-- com.durgasoft.testNG.NOrmalScreenshot -->
