<?xml version="1.0" encoding="UTF-8"?>
<!-- Generated by org.testng.reporters.JUnitReportReporter -->
<testsuite skipped="0" hostname="SELENIUM" name="com.durgasoft.testNG.RadioButton_Properties" tests="1" failures="0" timestamp="25 Mar 2019 06:57:05 GMT" time="39.010" errors="0">
  <testcase name="f" time="39.010" classname="com.durgasoft.testNG.RadioButton_Properties"/>
</testsuite> <!-- com.durgasoft.testNG.RadioButton_Properties -->
