<?xml version="1.0" encoding="UTF-8"?>
<!-- Generated by org.testng.reporters.JUnitReportReporter -->
<testsuite skipped="0" hostname="SELENIUM" name="com.durgasoft.testNG.FaceBook_Login_JSE" tests="1" failures="0" timestamp="29 Mar 2019 06:07:44 GMT" time="0.697" errors="0">
  <testcase name="f" time="0.697" classname="com.durgasoft.testNG.FaceBook_Login_JSE"/>
</testsuite> <!-- com.durgasoft.testNG.FaceBook_Login_JSE -->
