<?xml version="1.0" encoding="UTF-8"?>
<!-- Generated by org.testng.reporters.JUnitReportReporter -->
<testsuite skipped="0" hostname="SELENIUM" name="com.durgasoft.testNG.Dynamic_Links" tests="1" failures="0" timestamp="21 Mar 2019 05:52:25 GMT" time="121.561" errors="0">
  <testcase name="f" time="121.561" classname="com.durgasoft.testNG.Dynamic_Links"/>
</testsuite> <!-- com.durgasoft.testNG.Dynamic_Links -->
