<?xml version="1.0" encoding="UTF-8"?>
<!-- Generated by org.testng.reporters.JUnitReportReporter -->
<testsuite skipped="0" hostname="SELENIUM" name="com.durgasoft.testNG.UploadImage_HMS" tests="1" failures="0" timestamp="26 Mar 2019 06:58:53 GMT" time="21.227" errors="0">
  <testcase name="f" time="21.227" classname="com.durgasoft.testNG.UploadImage_HMS"/>
</testsuite> <!-- com.durgasoft.testNG.UploadImage_HMS -->
