<?xml version="1.0" encoding="UTF-8"?>
<!-- Generated by org.testng.reporters.JUnitReportReporter -->
<testsuite skipped="0" hostname="SELENIUM" name="com.durgasoft.excel.ReadDataFromExcelFileByColumnName" tests="1" failures="0" timestamp="01 Apr 2019 06:35:03 GMT" time="1.749" errors="0">
  <testcase name="f" time="1.749" classname="com.durgasoft.excel.ReadDataFromExcelFileByColumnName"/>
</testsuite> <!-- com.durgasoft.excel.ReadDataFromExcelFileByColumnName -->
