<?xml version="1.0" encoding="UTF-8"?>
<!-- Generated by org.testng.reporters.JUnitReportReporter -->
<testsuite skipped="0" hostname="SELENIUM" name="com.durgasoft.excel.ReadDataExcelFileAPI" tests="1" failures="0" timestamp="03 Apr 2019 06:32:39 GMT" time="1.141" errors="0">
  <testcase name="f" time="1.141" classname="com.durgasoft.excel.ReadDataExcelFileAPI"/>
</testsuite> <!-- com.durgasoft.excel.ReadDataExcelFileAPI -->
