<?xml version="1.0" encoding="UTF-8"?>
<!-- Generated by org.testng.reporters.JUnitReportReporter -->
<testsuite skipped="0" hostname="SELENIUM" name="com.durgasoft.testNG.Echo_CheckBox_Prop" tests="1" failures="0" timestamp="25 Mar 2019 06:30:55 GMT" time="1.073" errors="0">
  <testcase name="f" time="1.073" classname="com.durgasoft.testNG.Echo_CheckBox_Prop"/>
</testsuite> <!-- com.durgasoft.testNG.Echo_CheckBox_Prop -->
