<?xml version="1.0" encoding="UTF-8"?>
<!-- Generated by org.testng.reporters.JUnitReportReporter -->
<testsuite skipped="0" hostname="SELENIUM" name="com.durgasoft.excel.ReadDataFromExcelFileByColumnIndex" tests="1" failures="0" timestamp="01 Apr 2019 06:21:03 GMT" time="1.558" errors="0">
  <testcase name="f" time="1.558" classname="com.durgasoft.excel.ReadDataFromExcelFileByColumnIndex"/>
</testsuite> <!-- com.durgasoft.excel.ReadDataFromExcelFileByColumnIndex -->
